[Bootstrap]
SetupTitle=Instalar
SetupText=Copiando archivos, espere.
CabFile=Visual ffmpeg.CAB
Spawn=Setup1.exe
Uninstal=st6unst.exe
TmpDir=msftqws.pdw
Cabs=1

[Bootstrap Files]
File1=@VB6STKIT.DLL,$(WinSysPathSysFile),,,7/28/98 12:00:00 AM,102912,6.0.81.69
File2=@COMCAT.DLL,$(WinSysPathSysFile),$(DLLSelfRegister),,6/1/98 12:00:00 AM,22288,4.71.1460.1
File3=@VB6ES.DLL,$(WinSysPath),,$(Shared),7/28/98 12:00:00 AM,119568,5.0.81.69
File4=@stdole2.tlb,$(WinSysPathSysFile),$(TLBRegister),,4/14/08 1:12:08 AM,16896,5.1.2600.5512
File5=@asycfilt.dll,$(WinSysPathSysFile),,,4/14/08 11:48:20 AM,65024,5.1.2600.5512
File6=@olepro32.dll,$(WinSysPathSysFile),$(DLLSelfRegister),,4/14/08 11:48:34 AM,84992,5.1.2600.5512
File7=@oleaut32.dll,$(WinSysPathSysFile),$(DLLSelfRegister),,4/14/08 11:48:34 AM,551936,5.1.2600.5512
File8=@msvbvm60.dll,$(WinSysPathSysFile),$(DLLSelfRegister),,4/14/08 11:48:30 AM,1384479,6.0.98.2

[IconGroups]
Group0=Visual ffmpeg
PrivateGroup0=Falso
Parent0=$(Programs)

[Visual ffmpeg]
Icon1=""Visual ffmpeg.exe""
Title1=Visual ffmpeg
StartIn1=$(AppPath)

[Setup]
Title=Visual ffmpeg v2017
DefaultDir=$(ProgramFiles)\Visual ffmpeg
AppExe=Visual ffmpeg.exe
AppToUninstall=Visual ffmpeg.exe

[Setup1 Files]
File1=@Directorio.ini,$(AppPath),,$(Shared),6/8/17 10:29:24 AM,5,0.0.0.0
File2=@ffmpeg.exe,$(AppPath),,$(Shared),12/2/08 10:02:08 PM,8990720,0.0.0.0
File3=@HookMenu.ocx,$(WinSysPath),$(DLLSelfRegister),$(Shared),1/19/03 6:45:00 PM,143360,1.4.0.0
File4=@CMDLGES.DLL,$(WinSysPath),,$(Shared),7/28/98 12:00:00 AM,33280,6.0.81.63
File5=@comdlg32.ocx,$(WinSysPath),$(DLLSelfRegister),$(Shared),5/22/00 4:58:00 PM,140488,6.0.84.18
File6=@CMCTLES.DLL,$(WinSysPath),,$(Shared),7/28/98 12:00:00 AM,100352,6.0.80.22
File7=@COMCTL32.OCX,$(WinSysPath),$(DLLSelfRegister),$(Shared),7/12/15 6:38:52 PM,608448,6.0.81.5
File8=@shlwapi.dll,$(WinSysPath),,$(Shared),4/14/08 11:48:38 AM,474624,6.0.2900.5512
File9=@psapi.dll,$(WinSysPath),,$(Shared),4/14/08 11:48:34 AM,23040,5.1.2600.5512
File10=@Visual ffmpeg.exe,$(AppPath),,$(Shared),6/8/17 10:29:04 AM,425984,1.0.0.0

; Puede eliminar las siguientes líneas para obtener espacio adicional 
; con el fin de personalizar este archivo en un disco de instalación completa.
; 
; XXXXXXXXXXXXXXXXXXXXXXXXXXXXXXXXXXXXXXXXXXXXXXXXXXXXXXXXXXXX
; XXXXXXXXXXXXXXXXXXXXXXXXXXXXXXXXXXXXXXXXXXXXXXXXXXXXXXXXXXXX
; XXXXXXXXXXXXXXXXXXXXXXXXXXXXXXXXXXXXXXXXXXXXXXXXXXXXXXXXXXXX
; XXXXXXXXXXXXXXXXXXXXXXXXXXXXXXXXXXXXXXXXXXXXXXXXXXXXXXXXXXXX
; XXXXXXXXXXXXXXXXXXXXXXXXXXXXXXXXXXXXXXXXXXXXXXXXXXXXXXXXXXXX
; XXXXXXXXXXXXXXXXXXXXXXXXXXXXXXXXXXXXXXXXXXXXXXXXXXXXXXXXXXXX
; XXXXXXXXXXXXXXXXXXXXXXXXXXXXXXXXXXXXXXXXXXXXXXXXXXXXXXXXXXXX
; XXXXXXXXXXXXXXXXXXXXXXXXXXXXXXXXXXXXXXXXXXXXXXXXXXXXXXXXXXXX
; XXXXXXXXXXXXXXXXXXXXXXXXXXXXXXXXXXXXXXXXXXXXXXXXXXXXXXXXXXXX
; XXXXXXXXXXXXXXXXXXXXXXXXXXXXXXXXXXXXXXXXXXXXXXXXXXXXXXXXXXXX
; XXXXXXXXXXXXXXXXXXXXXXXXXXXXXXXXXXXXXXXXXXXXXXXXXXXXXXXXXXXX
; XXXXXXXXXXXXXXXXXXXXXXXXXXXXXXXXXXXXXXXXXXXXXXXXXXXXXXXXXXXX
; XXXXXXXXXXXXXXXXXXXXXXXXXXXXXXXXXXXXXXXXXXXXXXXXXXXXXXXXXXXX
; XXXXXXXXXXXXXXXXXXXXXXXXXXXXXXXXXXXXXXXXXXXXXXXXXXXXXXXXXXXX
; XXXXXXXXXXXXXXXXXXXXXXXXXXXXXXXXXXXXXXXXXXXXXXXXXXXXXXXXXXXX
; XXXXXXXXXXXXXXXXXXXXXXXXXXXXXXXXXXXXXXXXXXXXXXXXXXXXXXXXXXXX
; XXXXXXXXXXXXXXXXXXXXXXXXXXXXXXXXXXXXXXXXXXXXXXXXXXXXXXXXXXXX
; XXXXXXXXXXXXXXXXXXXXXXXXXXXXXXXXXXXXXXXXXXXXXXXXXXXXXXXXXXXX
; XXXXXXXXXXXXXXXXXXXXXXXXXXXXXXXXXXXXXXXXXXXXXXXXXXXXXXXXXXXX
; XXXXXXXXXXXXXXXXXXXXXXXXXXXXXXXXXXXXXXXXXXXXXXXXXXXXXXXXXXXX
; XXXXXXXXXXXXXXXXXXXXXXXXXXXXXXXXXXXXXXXXXXXXXXXXXXXXXXXXXXXX
; XXXXXXXXXXXXXXXXXXXXXXXXXXXXXXXXXXXXXXXXXXXXXXXXXXXXXXXXXXXX
; XXXXXXXXXXXXXXXXXXXXXXXXXXXXXXXXXXXXXXXXXXXXXXXXXXXXXXXXXXXX
; XXXXXXXXXXXXXXXXXXXXXXXXXXXXXXXXXXXXXXXXXXXXXXXXXXXXXXXXXXXX
; XXXXXXXXXXXXXXXXXXXXXXXXXXXXXXXXXXXXXXXXXXXXXXXXXXXXXXXXXXXX
; XXXXXXXXXXXXXXXXXXXXXXXXXXXXXXXXXXXXXXXXXXXXXXXXXXXXXXXXXXXX
; XXXXXXXXXXXXXXXXXXXXXXXXXXXXXXXXXXXXXXXXXXXXXXXXXXXXXXXXXXXX
; XXXXXXXXXXXXXXXXXXXXXXXXXXXXXXXXXXXXXXXXXXXXXXXXXXXXXXXXXXXX
; XXXXXXXXXXXXXXXXXXXXXXXXXXXXXXXXXXXXXXXXXXXXXXXXXXXXXXXXXXXX
; XXXXXXXXXXXXXXXXXXXXXXXXXXXXXXXXXXXXXXXXXXXXXXXXXXXXXXXXXXXX
; XXXXXXXXXXXXXXXXXXXXXXXXXXXXXXXXXXXXXXXXXXXXXXXXXXXXXXXXXXXX
; XXXXXXXXXXXXXXXXXXXXXXXXXXXXXXXXXXXXXXXXXXXXXXXXXXXXXXXXXXXX
; XXXXXXXXXXXXXXXXXXXXXXXXXXXXXXXXXXXXXXXXXXXXXXXXXXXXXXXXXXXX
; XXXXXXXXXXXXXXXXXXXXXXXXXXXXXXXXXXXXXXXXXXXXXXXXXXXXXXXXXXXX
; XXXXXXXXXXXXXXXXXXXXXXXXXXXXXXXXXXXXXXXXXXXXXXXXXXXXXXXXXXXX
